<?xml version="1.0" encoding="UTF-8"?>
<testsuite xmlns:xsi="http://www.w3.org/2001/XMLSchema-instance" xsi:noNamespaceSchemaLocation="https://maven.apache.org/surefire/maven-surefire-plugin/xsd/surefire-test-report.xsd" name="MyTest" time="8.157" tests="11" errors="0" skipped="0" failures="0">
  <properties>
[...]
</properties>
  <testcase name="testMakingMovesOnGameOne" classname="MyTest" time="0.029"/>
  <testcase name="testMakingMovesOnGameTwo" classname="MyTest" time="0"/>
  <testcase name="testMakingOutOfBoundsMovesOnGame" classname="MyTest" time="0.001"/>
  <testcase name="testMakingMovesAndWinningOnGameFour" classname="MyTest" time="0.001"/>
  <testcase name="testMakingMovesOnGameThree" classname="MyTest" time="0.001"/>
  <testcase name="testAISolverH1One" classname="MyTest" time="0.25"/>
  <testcase name="testAISolverH1Two" classname="MyTest" time="7.616"/>
  <testcase name="testAISolverH2One" classname="MyTest" time="0.199"/>
  <testcase name="testAISolverH2Two" classname="MyTest" time="0.006"/>
  <testcase name="testAISolverH1Three" classname="MyTest" time="0.036"/>
  <testcase name="testAISolverH2Three" classname="MyTest" time="0.004"/>
</testsuite>